
---
2024-12-07 05:48:22 : Starting Macro with 1 loop(s)
2024-12-07 05:48:26 : Pause by User.
2024-12-07 05:48:28 : Stop by User.

---
2024-12-07 05:59:30 : Starting Macro with 1 loop(s)
2024-12-07 05:59:33 : Pause by User.
2024-12-07 05:59:34 : Stop by User. Current Loop: 0. Current Round: 0

---
2024-12-07 06:00:02 : Starting Macro with 1 loop(s)
2024-12-07 06:00:04 : Pause by User.
2024-12-07 06:00:05 : Stop by User. Current Loop: 0. Current Round: 0

---
2024-12-07 06:02:02 : Starting Macro with 1 loop(s)
2024-12-07 06:02:05 : Pause by User.
2024-12-07 06:02:05 : Stop by User. Current Loop: 0. Current Round: 0

---
2024-12-07 06:02:20 : Starting Macro with 1 loop(s)
2024-12-07 06:02:21 : Pause by User.
2024-12-07 06:02:22 : Stop by User. Current Loop: 0. Current Round: 0

---
2024-12-07 06:14:48 : Starting Macro with 1 loop(s)

---
2024-12-07 06:17:16 : Starting Macro with 1 loop(s)
2024-12-07 06:18:43 : Pause by User.
2024-12-07 06:18:44 : Stop by User. Current Loop: 1. Current Round: 1

---
2024-12-07 06:20:23 : Starting Macro with 1 loop(s)
2024-12-07 06:44:20 : Pause by User.
2024-12-07 06:44:23 : Stop by User. Current Loop: 1. Current Round: 12

---
2024-12-07 06:44:35 : Starting Macro with 30 loop(s)
2024-12-07 07:27:13 : Complete loop 1, Rounds Survived: 20
2024-12-07 08:14:55 : Complete loop 2, Rounds Survived: 22
2024-12-07 09:02:30 : Complete loop 3, Rounds Survived: 22
2024-12-07 09:45:14 : Complete loop 4, Rounds Survived: 20
2024-12-07 10:33:24 : Complete loop 5, Rounds Survived: 21
2024-12-07 11:15:57 : Complete loop 6, Rounds Survived: 20
2024-12-07 11:58:34 : Complete loop 7, Rounds Survived: 19
2024-12-07 12:41:04 : Complete loop 8, Rounds Survived: 20
2024-12-07 13:24:07 : Complete loop 9, Rounds Survived: 20
2024-12-07 14:06:36 : Complete loop 10, Rounds Survived: 20
2024-12-07 14:49:45 : Complete loop 11, Rounds Survived: 20
2024-12-07 15:32:16 : Complete loop 12, Rounds Survived: 20
2024-12-07 16:10:04 : Pause by User.
2024-12-07 16:10:06 : Stop by User. Current Loop: 13. Current Round: 17

---
2024-12-07 19:19:13 : Starting Macro with 1 loop(s)
2024-12-07 19:24:16 : Complete loop 1, Rounds Survived: 1
2024-12-07 19:24:16 : The program has run successfully

---
2024-12-07 19:24:38 : Starting Macro with 7 loop(s)
2024-12-07 19:24:59 : Pause by User.
2024-12-07 19:25:01 : Stop by User. Current Loop: 0. Current Round: 0

---
2024-12-07 19:25:20 : Starting Macro with 2 loop(s)
2024-12-07 20:56:30 : Complete loop 1, Rounds Survived: 34
2024-12-07 20:57:01 : Pause by User.
2024-12-07 20:57:03 : Stop by User. Current Loop: 2. Current Round: 0

---
2024-12-08 04:46:05 : Starting Macro with 1 loop(s)
2024-12-08 04:46:50 : Cannot find PerkButton
2024-12-08 04:47:05 : Pause by User.
2024-12-08 04:47:06 : Stop by User. Current Loop: 1. Current Round: 0

---
2024-12-08 04:51:43 : Starting Macro with 1 loop(s)
2024-12-08 04:52:47 : Pause by User.
2024-12-08 04:52:48 : Stop by User. Current Loop: 1. Current Round: 0

---
2024-12-08 04:55:09 : Starting Macro with 1 loop(s)
2024-12-08 04:57:08 : Pause by User.
2024-12-08 04:57:10 : Stop by User. Current Loop: 1. Current Round: 0

---
2024-12-08 04:58:55 : Starting Macro with 1 loop(s)
2024-12-08 05:00:05 : Pause by User.
2024-12-08 05:00:07 : Stop by User. Current Loop: 1. Current Round: 0

---
2024-12-08 05:00:41 : Starting Macro with 1 loop(s)
2024-12-08 05:01:52 : not level 5 yet
2024-12-08 05:02:00 : not level 15 yet
2024-12-08 05:02:07 : not level 30 yet
2024-12-08 05:03:31 : Pause by User.
2024-12-08 05:03:33 : Stop by User. Current Loop: 1. Current Round: 0

---
2024-12-08 05:05:26 : Starting Macro with 1 loop(s)
2024-12-08 05:08:30 : Pause by User.
2024-12-08 05:08:35 : Stop by User. Current Loop: 1. Current Round: 1

---
2024-12-08 05:09:40 : Starting Macro with 1 loop(s)
2024-12-08 05:10:53 : Cannot find Find Perk 1
2024-12-08 05:11:09 : Pause by User.
2024-12-08 05:11:11 : Stop by User. Current Loop: 1. Current Round: 0

---
2024-12-08 05:11:44 : Starting Macro with 1 loop(s)
2024-12-08 05:12:55 : Cannot find Find Perk 1
2024-12-08 05:15:10 : Pause by User.
2024-12-08 05:15:12 : Stop by User. Current Loop: 1. Current Round: 1

---
2024-12-08 05:18:53 : Starting Macro with 50 loop(s)
2024-12-08 05:19:50 : Pause by User.
2024-12-08 05:19:51 : Stop by User. Current Loop: 1. Current Round: 0

---
2024-12-08 05:26:26 : Starting Macro with 35 loop(s)
2024-12-08 06:26:21 : Pause by User.
2024-12-08 06:26:28 : Stop by User. Current Loop: 1. Current Round: 22

---
2024-12-08 06:26:55 : Starting Macro with 15 loop(s)
2024-12-08 07:57:40 Error: Cannot Ready. Current loop: 1, Current round 22

---
2024-12-08 09:03:58 : Starting Macro with 17 loop(s)
2024-12-08 10:29:03 : Pause by User.
2024-12-08 10:29:04 : Stop by User. Current Loop: 1. Current Round: 22

---
2024-12-08 10:29:19 : Starting Macro with 20 loop(s)
2024-12-08 10:30:20 : Pause by User.
2024-12-08 10:30:21 : Stop by User. Current Loop: 1. Current Round: 1

---
2024-12-08 10:31:59 : Starting Macro with 29 loop(s)
2024-12-08 12:02:42 Error: Cannot Ready. Current loop: 1, Current round 22

---
2024-12-08 13:11:36 : Starting Macro with 23 loop(s)
2024-12-08 13:12:59 : Pause by User.
2024-12-08 13:13:00 : Stop by User. Current Loop: 1. Current Round: 1

---
2024-12-08 13:14:25 : Starting Macro with 25 loop(s)
2024-12-08 13:50:50 : Pause by User.
2024-12-08 13:51:50 : Stop by User. Current Loop: 1. Current Round: 16

---
2024-12-08 18:24:31 : Starting Macro with 1 loop(s)
2024-12-08 18:24:36 : Pause by User.
2024-12-08 18:24:40 : Stop by User. Current Loop: 0. Current Round: 0
